<?xml version="1.0" encoding="UTF-8"?>
<testsuite xmlns:xsi="http://www.w3.org/2001/XMLSchema-instance" xsi:noNamespaceSchemaLocation="https://maven.apache.org/surefire/maven-surefire-plugin/xsd/surefire-test-report.xsd" version="3.0.2" name="com.naglabs.ai_devops_assistant.AiDevopsAssistantApplicationTests" time="1.242" tests="1" errors="0" skipped="0" failures="0" flakes="0">
  <properties>
[...]
</properties>
  <testcase name="contextLoads" classname="com.naglabs.ai_devops_assistant.AiDevopsAssistantApplicationTests" time="0.323">
    <system-out><![CDATA[07:35:33.610 [main] INFO org.springframework.test.context.support.AnnotationConfigContextLoaderUtils -- Could not detect default configuration classes for test class [com.naglabs.ai_devops_assistant.AiDevopsAssistantApplicationTests]: AiDevopsAssistantApplicationTests does not declare any static, non-private, non-final, nested classes annotated with @Configuration.
07:35:33.655 [main] INFO org.springframework.boot.test.context.SpringBootTestContextBootstrapper -- Found @SpringBootConfiguration com.naglabs.ai_devops_assistant.AiDevopsAssistantApplication for test class com.naglabs.ai_devops_assistant.AiDevopsAssistantApplicationTests
07:35:33.689 [main] INFO org.springframework.test.context.support.AnnotationConfigContextLoaderUtils -- Could not detect default configuration classes for test class [com.naglabs.ai_devops_assistant.AiDevopsAssistantApplicationTests]: AiDevopsAssistantApplicationTests does not declare any static, non-private, non-final, nested classes annotated with @Configuration.
07:35:33.690 [main] INFO org.springframework.boot.test.context.SpringBootTestContextBootstrapper -- Found @SpringBootConfiguration com.naglabs.ai_devops_assistant.AiDevopsAssistantApplication for test class com.naglabs.ai_devops_assistant.AiDevopsAssistantApplicationTests

  .   ____          _            __ _ _
 /\\ / ___'_ __ _ _(_)_ __  __ _ \ \ \ \
( ( )\___ | '_ | '_| | '_ \/ _` | \ \ \ \
 \\/  ___)| |_)| | | | | || (_| |  ) ) ) )
  '  |____| .__|_| |_|_| |_\__, | / / / /
 =========|_|==============|___/=/_/_/_/

 :: Spring Boot ::                (v4.0.6)

2026-06-04T07:35:33.817+01:00  INFO 79964 --- [ai-devops-assistant] [           main] c.n.a.AiDevopsAssistantApplicationTests  : Starting AiDevopsAssistantApplicationTests using Java 17.0.14 with PID 79964 (started by nagarjunamaddi in /Users/nagarjunamaddi/Documents/GitHub/ai-devops-assistant)
2026-06-04T07:35:33.817+01:00  INFO 79964 --- [ai-devops-assistant] [           main] c.n.a.AiDevopsAssistantApplicationTests  : No active profile set, falling back to 1 default profile: "default"
2026-06-04T07:35:34.440+01:00  INFO 79964 --- [ai-devops-assistant] [           main] c.n.a.AiDevopsAssistantApplicationTests  : Started AiDevopsAssistantApplicationTests in 0.727 seconds (process running for 1.192)
]]></system-out>
  </testcase>
</testsuite>